<?xml version="1.0" encoding="UTF-8"?>
<testsuite name="in.co.galaxy.assignment.controller.RootControllerTest" time="1.567" tests="32" errors="0" skipped="0" failures="0">
  <properties>
[...]
</properties>
  <testcase name="verifyThatListEdgesViewAndModelIsCorrect" classname="in.co.galaxy.assignment.controller.RootControllerTest" time="0.226"/>
  <testcase name="verifyThatSaveExistingVertexViewAndModelIsCorrect" classname="in.co.galaxy.assignment.controller.RootControllerTest" time="0.091"/>
  <testcase name="verifyThatShowVertexViewAndModelIsCorrect" classname="in.co.galaxy.assignment.controller.RootControllerTest" time="0.066"/>
  <testcase name="verifyThatUpdateEdgeViewAndModelIsCorrect" classname="in.co.galaxy.assignment.controller.RootControllerTest" time="0.052"/>
  <testcase name="verifyThatSaveSameTrafficViewAndModelIsCorrect" classname="in.co.galaxy.assignment.controller.RootControllerTest" time="0.042"/>
  <testcase name="verifyThatListTrafficsViewAndModelIsCorrect" classname="in.co.galaxy.assignment.controller.RootControllerTest" time="0.082"/>
  <testcase name="verifyThatEditVertexViewAndModelIsCorrect" classname="in.co.galaxy.assignment.controller.RootControllerTest" time="0.041"/>
  <testcase name="verifyThatEditEdgeViewAndModelIsCorrect" classname="in.co.galaxy.assignment.controller.RootControllerTest" time="0.034"/>
  <testcase name="verifyThatUpdateSameTrafficViewAndModelIsCorrect" classname="in.co.galaxy.assignment.controller.RootControllerTest" time="0.077"/>
  <testcase name="verifyThatSaveTrafficViewAndModelIsCorrect" classname="in.co.galaxy.assignment.controller.RootControllerTest" time="0.029"/>
  <testcase name="verifyThatAddVertexViewAndModelIsCorrect" classname="in.co.galaxy.assignment.controller.RootControllerTest" time="0.035"/>
  <testcase name="verifyThatAddEdgeViewAndModelIsCorrect" classname="in.co.galaxy.assignment.controller.RootControllerTest" time="0.057"/>
  <testcase name="verifyThatAddTrafficViewAndModelIsCorrect" classname="in.co.galaxy.assignment.controller.RootControllerTest" time="0.043"/>
  <testcase name="verifyThatSaveExistingTrafficViewAndModelIsCorrect" classname="in.co.galaxy.assignment.controller.RootControllerTest" time="0.023"/>
  <testcase name="verifyThatShortestPathResultViewAndModelIsCorrect" classname="in.co.galaxy.assignment.controller.RootControllerTest" time="0.056"/>
  <testcase name="verifyThatListVerticesViewAndModelIsCorrect" classname="in.co.galaxy.assignment.controller.RootControllerTest" time="0.045"/>
  <testcase name="verifyThatSaveVertexViewIsCorrect" classname="in.co.galaxy.assignment.controller.RootControllerTest" time="0.04"/>
  <testcase name="verifyThatEditTrafficViewAndModelIsCorrect" classname="in.co.galaxy.assignment.controller.RootControllerTest" time="0.045"/>
  <testcase name="verifyThatDeleteEdgeViewIsCorrect" classname="in.co.galaxy.assignment.controller.RootControllerTest" time="0.026"/>
  <testcase name="verifyThatUpdateExistingEdgeViewAndModelIsCorrect" classname="in.co.galaxy.assignment.controller.RootControllerTest" time="0.033"/>
  <testcase name="verifyThatDeleteTrafficViewIsCorrect" classname="in.co.galaxy.assignment.controller.RootControllerTest" time="0.045"/>
  <testcase name="verifyThatSaveEdgeViewAndModelIsCorrect" classname="in.co.galaxy.assignment.controller.RootControllerTest" time="0.02"/>
  <testcase name="verifyThatShowEdgeViewAndModelIsCorrect" classname="in.co.galaxy.assignment.controller.RootControllerTest" time="0.027"/>
  <testcase name="verifyThatSaveExistingEdgeViewAndModelIsCorrect" classname="in.co.galaxy.assignment.controller.RootControllerTest" time="0.024"/>
  <testcase name="verifyThatShowTrafficViewAndModelIsCorrect" classname="in.co.galaxy.assignment.controller.RootControllerTest" time="0.073"/>
  <testcase name="verifyThatShortestPathViewAndModelIsCorrect" classname="in.co.galaxy.assignment.controller.RootControllerTest" time="0.025"/>
  <testcase name="verifyThatDeleteVertexViewIsCorrect" classname="in.co.galaxy.assignment.controller.RootControllerTest" time="0.025"/>
  <testcase name="verifyThatUpdateSameEdgeViewAndModelIsCorrect" classname="in.co.galaxy.assignment.controller.RootControllerTest" time="0.076"/>
  <testcase name="verifyThatUpdateExistingTrafficViewAndModelIsCorrect" classname="in.co.galaxy.assignment.controller.RootControllerTest" time="0.02"/>
  <testcase name="verifyThatUpdateTrafficViewAndModelIsCorrect" classname="in.co.galaxy.assignment.controller.RootControllerTest" time="0.037"/>
  <testcase name="verifyThatSaveSameEdgeViewAndModelIsCorrect" classname="in.co.galaxy.assignment.controller.RootControllerTest" time="0.016"/>
  <testcase name="verifyThatUpdateVertexViewIsCorrect" classname="in.co.galaxy.assignment.controller.RootControllerTest" time="0.036"/>
</testsuite>